[0.232s] Invoking command in '/workspace_host/build/my_first_ros2_pkg': PYTHONPATH=/workspace_host/build/my_first_ros2_pkg/prefix_override:/usr/lib/python3/dist-packages/colcon_core/task/python/colcon_distutils_commands:/workspace_host/install/my_first_ros2_pkg/lib/python3.10/site-packages:${PYTHONPATH} /usr/bin/python3 -W ignore:setup.py install is deprecated -W ignore:easy_install command is deprecated setup.py develop --editable --build-directory /workspace_host/build/my_first_ros2_pkg/build --no-deps symlink_data
[0.331s] running develop
[0.385s] running egg_info
[0.385s] writing my_first_ros2_pkg.egg-info/PKG-INFO
[0.385s] writing dependency_links to my_first_ros2_pkg.egg-info/dependency_links.txt
[0.385s] writing entry points to my_first_ros2_pkg.egg-info/entry_points.txt
[0.385s] writing requirements to my_first_ros2_pkg.egg-info/requires.txt
[0.385s] writing top-level names to my_first_ros2_pkg.egg-info/top_level.txt
[0.386s] reading manifest file 'my_first_ros2_pkg.egg-info/SOURCES.txt'
[0.386s] writing manifest file 'my_first_ros2_pkg.egg-info/SOURCES.txt'
[0.386s] running build_ext
[0.387s] Creating /workspace_host/install/my_first_ros2_pkg/lib/python3.10/site-packages/my-first-ros2-pkg.egg-link (link to .)
[0.387s] Installing simple_listener script to /workspace_host/install/my_first_ros2_pkg/lib/my_first_ros2_pkg
[0.387s] Installing simple_talker script to /workspace_host/install/my_first_ros2_pkg/lib/my_first_ros2_pkg
[0.387s] Installing tb3_square_driver script to /workspace_host/install/my_first_ros2_pkg/lib/my_first_ros2_pkg
[0.387s] Installing tb3_stop script to /workspace_host/install/my_first_ros2_pkg/lib/my_first_ros2_pkg
[0.387s] 
[0.387s] Installed /workspace_host/build/my_first_ros2_pkg
[0.387s] running symlink_data
[0.399s] Invoked command in '/workspace_host/build/my_first_ros2_pkg' returned '0': PYTHONPATH=/workspace_host/build/my_first_ros2_pkg/prefix_override:/usr/lib/python3/dist-packages/colcon_core/task/python/colcon_distutils_commands:/workspace_host/install/my_first_ros2_pkg/lib/python3.10/site-packages:${PYTHONPATH} /usr/bin/python3 -W ignore:setup.py install is deprecated -W ignore:easy_install command is deprecated setup.py develop --editable --build-directory /workspace_host/build/my_first_ros2_pkg/build --no-deps symlink_data
