[0.234s] Invoking command in '/workspace_host/build/my_first_ros': PYTHONPATH=/workspace_host/build/my_first_ros/prefix_override:/usr/lib/python3/dist-packages/colcon_core/task/python/colcon_distutils_commands:/workspace_host/install/my_first_ros/lib/python3.10/site-packages:${PYTHONPATH} /usr/bin/python3 -W ignore:setup.py install is deprecated -W ignore:easy_install command is deprecated setup.py develop --editable --build-directory /workspace_host/build/my_first_ros/build --no-deps symlink_data
[0.332s] running develop
[0.387s] running egg_info
[0.387s] creating my_first_ros.egg-info
[0.387s] writing my_first_ros.egg-info/PKG-INFO
[0.387s] writing dependency_links to my_first_ros.egg-info/dependency_links.txt
[0.387s] writing entry points to my_first_ros.egg-info/entry_points.txt
[0.387s] writing requirements to my_first_ros.egg-info/requires.txt
[0.387s] writing top-level names to my_first_ros.egg-info/top_level.txt
[0.387s] writing manifest file 'my_first_ros.egg-info/SOURCES.txt'
[0.387s] reading manifest file 'my_first_ros.egg-info/SOURCES.txt'
[0.388s] writing manifest file 'my_first_ros.egg-info/SOURCES.txt'
[0.388s] running build_ext
[0.388s] Creating /workspace_host/install/my_first_ros/lib/python3.10/site-packages/my-first-ros.egg-link (link to .)
[0.389s] Installing simple_listener script to /workspace_host/install/my_first_ros/lib/my_first_ros
[0.389s] Installing simple_talker script to /workspace_host/install/my_first_ros/lib/my_first_ros
[0.389s] Installing tb3_square_driver script to /workspace_host/install/my_first_ros/lib/my_first_ros
[0.389s] Installing tb3_stop script to /workspace_host/install/my_first_ros/lib/my_first_ros
[0.389s] 
[0.389s] Installed /workspace_host/build/my_first_ros
[0.389s] running symlink_data
[0.389s] creating /workspace_host/install/my_first_ros/share/ament_index
[0.389s] creating /workspace_host/install/my_first_ros/share/ament_index/resource_index
[0.389s] creating /workspace_host/install/my_first_ros/share/ament_index/resource_index/packages
[0.389s] symbolically linking /workspace_host/build/my_first_ros/resource/my_first_ros -> /workspace_host/install/my_first_ros/share/ament_index/resource_index/packages
[0.389s] symbolically linking /workspace_host/build/my_first_ros/package.xml -> /workspace_host/install/my_first_ros/share/my_first_ros
[0.399s] Invoked command in '/workspace_host/build/my_first_ros' returned '0': PYTHONPATH=/workspace_host/build/my_first_ros/prefix_override:/usr/lib/python3/dist-packages/colcon_core/task/python/colcon_distutils_commands:/workspace_host/install/my_first_ros/lib/python3.10/site-packages:${PYTHONPATH} /usr/bin/python3 -W ignore:setup.py install is deprecated -W ignore:easy_install command is deprecated setup.py develop --editable --build-directory /workspace_host/build/my_first_ros/build --no-deps symlink_data
