running develop
running egg_info
creating my_first_ros2_pkg.egg-info
writing my_first_ros2_pkg.egg-info/PKG-INFO
writing dependency_links to my_first_ros2_pkg.egg-info/dependency_links.txt
writing entry points to my_first_ros2_pkg.egg-info/entry_points.txt
writing requirements to my_first_ros2_pkg.egg-info/requires.txt
writing top-level names to my_first_ros2_pkg.egg-info/top_level.txt
writing manifest file 'my_first_ros2_pkg.egg-info/SOURCES.txt'
reading manifest file 'my_first_ros2_pkg.egg-info/SOURCES.txt'
writing manifest file 'my_first_ros2_pkg.egg-info/SOURCES.txt'
running build_ext
Creating /workspace_host/install/my_first_ros2_pkg/lib/python3.10/site-packages/my-first-ros2-pkg.egg-link (link to .)

Installed /workspace_host/build/my_first_ros2_pkg
running symlink_data
creating /workspace_host/install/my_first_ros2_pkg/share/ament_index
creating /workspace_host/install/my_first_ros2_pkg/share/ament_index/resource_index
creating /workspace_host/install/my_first_ros2_pkg/share/ament_index/resource_index/packages
symbolically linking /workspace_host/build/my_first_ros2_pkg/resource/my_first_ros2_pkg -> /workspace_host/install/my_first_ros2_pkg/share/ament_index/resource_index/packages
symbolically linking /workspace_host/build/my_first_ros2_pkg/package.xml -> /workspace_host/install/my_first_ros2_pkg/share/my_first_ros2_pkg
