[0.287s] Invoking command in '/workspace_host/build/my_first_ros2_pkg': PYTHONPATH=/workspace_host/build/my_first_ros2_pkg/prefix_override:/usr/lib/python3/dist-packages/colcon_core/task/python/colcon_distutils_commands:/workspace_host/install/my_first_ros2_pkg/lib/python3.10/site-packages:${PYTHONPATH} /usr/bin/python3 -W ignore:setup.py install is deprecated -W ignore:easy_install command is deprecated setup.py develop --editable --build-directory /workspace_host/build/my_first_ros2_pkg/build --no-deps symlink_data
[0.384s] running develop
[0.438s] running egg_info
[0.438s] creating my_first_ros2_pkg.egg-info
[0.438s] writing my_first_ros2_pkg.egg-info/PKG-INFO
[0.438s] writing dependency_links to my_first_ros2_pkg.egg-info/dependency_links.txt
[0.438s] writing entry points to my_first_ros2_pkg.egg-info/entry_points.txt
[0.438s] writing requirements to my_first_ros2_pkg.egg-info/requires.txt
[0.438s] writing top-level names to my_first_ros2_pkg.egg-info/top_level.txt
[0.438s] writing manifest file 'my_first_ros2_pkg.egg-info/SOURCES.txt'
[0.439s] reading manifest file 'my_first_ros2_pkg.egg-info/SOURCES.txt'
[0.439s] writing manifest file 'my_first_ros2_pkg.egg-info/SOURCES.txt'
[0.440s] running build_ext
[0.440s] Creating /workspace_host/install/my_first_ros2_pkg/lib/python3.10/site-packages/my-first-ros2-pkg.egg-link (link to .)
[0.440s] 
[0.440s] Installed /workspace_host/build/my_first_ros2_pkg
[0.440s] running symlink_data
[0.440s] creating /workspace_host/install/my_first_ros2_pkg/share/ament_index
[0.440s] creating /workspace_host/install/my_first_ros2_pkg/share/ament_index/resource_index
[0.440s] creating /workspace_host/install/my_first_ros2_pkg/share/ament_index/resource_index/packages
[0.440s] symbolically linking /workspace_host/build/my_first_ros2_pkg/resource/my_first_ros2_pkg -> /workspace_host/install/my_first_ros2_pkg/share/ament_index/resource_index/packages
[0.440s] symbolically linking /workspace_host/build/my_first_ros2_pkg/package.xml -> /workspace_host/install/my_first_ros2_pkg/share/my_first_ros2_pkg
[0.451s] Invoked command in '/workspace_host/build/my_first_ros2_pkg' returned '0': PYTHONPATH=/workspace_host/build/my_first_ros2_pkg/prefix_override:/usr/lib/python3/dist-packages/colcon_core/task/python/colcon_distutils_commands:/workspace_host/install/my_first_ros2_pkg/lib/python3.10/site-packages:${PYTHONPATH} /usr/bin/python3 -W ignore:setup.py install is deprecated -W ignore:easy_install command is deprecated setup.py develop --editable --build-directory /workspace_host/build/my_first_ros2_pkg/build --no-deps symlink_data
